<?xml version="1.0" encoding="utf-8"?><testsuites name="pytest tests"><testsuite name="pytest" errors="0" failures="1" skipped="0" tests="18" time="29.958" timestamp="2026-09-10T12:46:42.785092+00:00" hostname="agent-env-3d8b8385-4e9c-4efb-8c93-2f1a819d396d"><testcase classname="tests.test_apklens" name="test_list_scans_contains_sample" time="15.133"><failure message="requests.exceptions.ReadTimeout: HTTPSConnectionPool(host='apk-scope.preview.emergentagent.com', port=443): Read timed out. (read timeout=15)">/root/.venv/lib/python3.11/site-packages/urllib3/connectionpool.py:534: in _make_request
    response = conn.getresponse()
               ^^^^^^^^^^^^^^^^^^
/root/.venv/lib/python3.11/site-packages/urllib3/connection.py:571: in getresponse
    httplib_response = super().getresponse()
                       ^^^^^^^^^^^^^^^^^^^^^
/usr/local/lib/python3.11/http/client.py:1443: in getresponse
    response.begin()
/usr/local/lib/python3.11/http/client.py:337: in begin
    version, status, reason = self._read_status()
                              ^^^^^^^^^^^^^^^^^^^
/usr/local/lib/python3.11/http/client.py:298: in _read_status
    line = str(self.fp.readline(_MAXLINE + 1), "iso-8859-1")
               ^^^^^^^^^^^^^^^^^^^^^^^^^^^^^^
/usr/local/lib/python3.11/socket.py:718: in readinto
    return self._sock.recv_into(b)
           ^^^^^^^^^^^^^^^^^^^^^^^
/usr/local/lib/python3.11/ssl.py:1314: in recv_into
    return self.read(nbytes, buffer)
           ^^^^^^^^^^^^^^^^^^^^^^^^^
/usr/local/lib/python3.11/ssl.py:1166: in read
    return self._sslobj.read(len, buffer)
           ^^^^^^^^^^^^^^^^^^^^^^^^^^^^^^
E   TimeoutError: The read operation timed out

The above exception was the direct cause of the following exception:
/root/.venv/lib/python3.11/site-packages/requests/adapters.py:696: in send
    resp = conn.urlopen(
/root/.venv/lib/python3.11/site-packages/urllib3/connectionpool.py:842: in urlopen
    retries = retries.increment(
/root/.venv/lib/python3.11/site-packages/urllib3/util/retry.py:498: in increment
    raise reraise(type(error), error, _stacktrace)
          ^^^^^^^^^^^^^^^^^^^^^^^^^^^^^^^^^^^^^^^^
/root/.venv/lib/python3.11/site-packages/urllib3/util/util.py:39: in reraise
    raise value
/root/.venv/lib/python3.11/site-packages/urllib3/connectionpool.py:788: in urlopen
    response = self._make_request(
/root/.venv/lib/python3.11/site-packages/urllib3/connectionpool.py:536: in _make_request
    self._raise_timeout(err=e, url=url, timeout_value=read_timeout)
/root/.venv/lib/python3.11/site-packages/urllib3/connectionpool.py:367: in _raise_timeout
    raise ReadTimeoutError(
E   urllib3.exceptions.ReadTimeoutError: HTTPSConnectionPool(host='apk-scope.preview.emergentagent.com', port=443): Read timed out. (read timeout=15)

During handling of the above exception, another exception occurred:
backend/tests/test_apklens.py:27: in test_list_scans_contains_sample
    r = s.get(f"{API}/scans", timeout=15)
        ^^^^^^^^^^^^^^^^^^^^^^^^^^^^^^^^^
/root/.venv/lib/python3.11/site-packages/requests/sessions.py:671: in get
    return self.request("GET", url, params=params, **kwargs)
           ^^^^^^^^^^^^^^^^^^^^^^^^^^^^^^^^^^^^^^^^^^^^^^^^^
/root/.venv/lib/python3.11/site-packages/requests/sessions.py:651: in request
    resp = self.send(prep, **send_kwargs)
           ^^^^^^^^^^^^^^^^^^^^^^^^^^^^^^
/root/.venv/lib/python3.11/site-packages/requests/sessions.py:784: in send
    r = adapter.send(request, **kwargs)
        ^^^^^^^^^^^^^^^^^^^^^^^^^^^^^^^
/root/.venv/lib/python3.11/site-packages/requests/adapters.py:742: in send
    raise ReadTimeout(e, request=request)
E   requests.exceptions.ReadTimeout: HTTPSConnectionPool(host='apk-scope.preview.emergentagent.com', port=443): Read timed out. (read timeout=15)</failure></testcase><testcase classname="tests.test_apklens" name="test_summary_categories_and_severities" time="12.166" /><testcase classname="tests.test_apklens" name="test_findings_category_filter[secret-10]" time="0.137" /><testcase classname="tests.test_apklens" name="test_findings_category_filter[endpoint-1]" time="0.084" /><testcase classname="tests.test_apklens" name="test_findings_category_filter[manifest-1]" time="0.077" /><testcase classname="tests.test_apklens" name="test_findings_category_filter[crypto-1]" time="0.081" /><testcase classname="tests.test_apklens" name="test_findings_secret_is_15" time="0.079" /><testcase classname="tests.test_apklens" name="test_findings_severity_filter" time="0.080" /><testcase classname="tests.test_apklens" name="test_findings_search_q" time="0.079" /><testcase classname="tests.test_apklens" name="test_findings_triage_filter" time="0.092" /><testcase classname="tests.test_apklens" name="test_file_tree" time="0.078" /><testcase classname="tests.test_apklens" name="test_get_file_content" time="0.081" /><testcase classname="tests.test_apklens" name="test_triage_flow" time="0.323" /><testcase classname="tests.test_apklens" name="test_rules_crud_and_rescan" time="0.404" /><testcase classname="tests.test_apklens" name="test_deobfuscate_base64" time="0.080" /><testcase classname="tests.test_apklens" name="test_deobfuscate_auto" time="0.077" /><testcase classname="tests.test_apklens" name="test_settings" time="0.121" /><testcase classname="tests.test_apklens" name="test_upload_rejects_non_apk" time="0.076" /></testsuite></testsuites>