<?xml version="1.0" encoding="utf-8"?><testsuites name="pytest tests"><testsuite name="pytest" errors="0" failures="0" skipped="1" tests="6" time="78.879" timestamp="2026-09-10T15:29:21.626192+00:00" hostname="agent-env-3d8b8385-4e9c-4efb-8c93-2f1a819d396d"><testcase classname="tests.test_perf_delete_manifest" name="test_perf_under_2_minutes" time="76.604" /><testcase classname="tests.test_perf_delete_manifest" name="test_counts_total_positive" time="0.101" /><testcase classname="tests.test_perf_delete_manifest" name="test_manifest_findings_present" time="0.097" /><testcase classname="tests.test_perf_delete_manifest" name="test_manifest_findings_on_sample" time="0.088" /><testcase classname="tests.test_perf_delete_manifest" name="test_delete_purges" time="0.692" /><testcase classname="tests.test_perf_delete_manifest" name="test_sample_delete_forbidden" time="0.215"><skipped type="pytest.xfail" message="Backend does not guard is_sample in DELETE /api/scans/{id}; sample was deletable (returned 200) on iter5 code. Reported to main agent." /></testcase></testsuite></testsuites>