<?xml version="1.0" encoding="utf-8"?><testsuites name="pytest tests"><testsuite name="pytest" errors="0" failures="0" skipped="0" tests="24" time="3.111" timestamp="2026-09-10T14:13:48.278522+00:00" hostname="agent-env-3d8b8385-4e9c-4efb-8c93-2f1a819d396d"><testcase classname="tests.test_chunked_encoded_dedupe" name="test_encoded_secrets_present" time="0.189" /><testcase classname="tests.test_apklens" name="test_list_scans_contains_sample" time="0.257" /><testcase classname="tests.test_chunked_encoded_dedupe" name="test_dedupe_findings" time="0.285" /><testcase classname="tests.test_apklens" name="test_summary_categories_and_severities" time="0.112" /><testcase classname="tests.test_apklens" name="test_findings_category_filter[secret-10]" time="0.096" /><testcase classname="tests.test_apklens" name="test_findings_category_filter[endpoint-1]" time="0.097" /><testcase classname="tests.test_chunked_encoded_dedupe" name="test_old_v2_sample_removed" time="0.152" /><testcase classname="tests.test_apklens" name="test_findings_category_filter[manifest-1]" time="0.093" /><testcase classname="tests.test_apklens" name="test_findings_category_filter[crypto-1]" time="0.088" /><testcase classname="tests.test_apklens" name="test_findings_secret_min" time="0.100" /><testcase classname="tests.test_apklens" name="test_findings_severity_filter" time="0.100" /><testcase classname="tests.test_apklens" name="test_findings_search_q" time="0.090" /><testcase classname="tests.test_apklens" name="test_findings_triage_filter" time="0.115" /><testcase classname="tests.test_apklens" name="test_file_tree" time="0.087" /><testcase classname="tests.test_apklens" name="test_get_file_content" time="0.089" /><testcase classname="tests.test_apklens" name="test_triage_flow" time="0.368" /><testcase classname="tests.test_apklens" name="test_rules_crud_and_rescan" time="0.448" /><testcase classname="tests.test_apklens" name="test_deobfuscate_base64" time="0.088" /><testcase classname="tests.test_apklens" name="test_deobfuscate_auto" time="0.087" /><testcase classname="tests.test_apklens" name="test_settings" time="0.114" /><testcase classname="tests.test_apklens" name="test_upload_rejects_non_apk" time="0.092" /><testcase classname="tests.test_apklens" name="test_old_sample_removed" time="0.085" /><testcase classname="tests.test_apklens" name="test_new_secret_types_present" time="0.090" /><testcase classname="tests.test_apklens" name="test_admin_endpoints_detected" time="0.089" /></testsuite></testsuites>